{
  "RSpec": {
    "coverage": {
      "/Users/Student/projects/course/intro_to_the_web/battle-V-L/spec/battle_spec.rb": [

      ],
      "/Users/Student/projects/course/intro_to_the_web/battle-V-L/spec/features/attack_spec.rb": [
        1,
        1,
        1,
        null,
        1,
        1,
        null,
        null,
        1,
        1,
        1,
        1,
        0,
        null,
        null
      ],
      "/Users/Student/projects/course/intro_to_the_web/battle-V-L/spec/features/hitpoints_spec.rb": [
        1,
        null,
        1,
        1,
        1,
        1,
        null,
        null
      ],
      "/Users/Student/projects/course/intro_to_the_web/battle-V-L/spec/features/names_input_spec.rb": [
        1,
        1,
        1,
        1,
        null,
        null
      ],
      "/Users/Student/projects/course/intro_to_the_web/battle-V-L/spec/features/testing_infrastructure_spec.rb": [
        1,
        1,
        1,
        1,
        null,
        null
      ],
      "/Users/Student/projects/course/intro_to_the_web/battle-V-L/spec/game_spec.rb": [
        1,
        1,
        2,
        1,
        2,
        null,
        1,
        1,
        1,
        1,
        null,
        null,
        null
      ],
      "/Users/Student/projects/course/intro_to_the_web/battle-V-L/lib/game.rb": [
        1,
        1,
        1,
        null,
        null
      ],
      "/Users/Student/projects/course/intro_to_the_web/battle-V-L/spec/player_spec.rb": [
        1,
        1,
        5,
        2,
        null,
        1,
        1,
        null,
        1,
        null,
        null,
        null,
        1,
        1,
        1,
        null,
        null,
        null,
        1,
        1,
        1,
        1,
        null,
        null,
        null,
        1,
        1,
        4,
        null,
        null,
        null
      ]
    },
    "timestamp": 1571238985
  }
}
